{"/Users/zach/htdocs/_leetcodes/contains-duplicate/containsDuplicate.js": {"path":"/Users/zach/htdocs/_leetcodes/contains-duplicate/containsDuplicate.js","statementMap":{"0":{"start":{"line":21,"column":24},"end":{"line":29,"column":1}},"1":{"start":{"line":22,"column":16},"end":{"line":22,"column":18}},"2":{"start":{"line":23,"column":4},"end":{"line":27,"column":5}},"3":{"start":{"line":25,"column":8},"end":{"line":25,"column":32}},"4":{"start":{"line":25,"column":21},"end":{"line":25,"column":32}},"5":{"start":{"line":26,"column":8},"end":{"line":26,"column":23}},"6":{"start":{"line":28,"column":4},"end":{"line":28,"column":16}},"7":{"start":{"line":32,"column":0},"end":{"line":32,"column":34}}},"fnMap":{"0":{"name":"(anonymous_0)","decl":{"start":{"line":21,"column":24},"end":{"line":21,"column":25}},"loc":{"start":{"line":21,"column":39},"end":{"line":29,"column":1}},"line":21}},"branchMap":{"0":{"loc":{"start":{"line":25,"column":8},"end":{"line":25,"column":32}},"type":"if","locations":[{"start":{"line":25,"column":8},"end":{"line":25,"column":32}},{"start":{},"end":{}}],"line":25}},"s":{"0":1,"1":3,"2":3,"3":10,"4":2,"5":8,"6":1,"7":1},"f":{"0":3},"b":{"0":[2,8]},"_coverageSchema":"1a1c01bbd47fc00a2c39e90264f33305004495a9","hash":"1a4948b6e6857c1769ec72cdc9c8656f9447b993"}
}
